<?xml version="1.0" encoding="UTF-8"?>
<testsuite name="EncryptDecryptTest" tests="1" skipped="0" failures="0" errors="0" timestamp="2020-07-11T02:36:05" hostname="DESKTOP-5PHR6QU" time="0.051">
  <properties/>
  <testcase name="start" classname="EncryptDecryptTest" time="0.051"/>
  <system-out><![CDATA[?[1;31m
Start test 1?[0m
dv ulfmw z givzhfiv!
]]></system-out>
  <system-err><![CDATA[]]></system-err>
</testsuite>
